SF:lib/data/models/product_model.dart
DA:21,1
DA:36,1
DA:38,2
DA:40,1
DA:45,1
DA:46,1
DA:47,1
DA:48,1
DA:49,1
DA:50,1
DA:51,1
DA:52,1
DA:53,1
DA:54,1
LF:14
LH:14
end_of_record
SF:lib/data/repositories_implementation/product_repository_implementation.dart
DA:9,3
DA:10,1
DA:12,0
DA:13,0
DA:14,0
DA:16,1
DA:17,2
DA:19,0
DA:20,0
DA:22,0
DA:23,0
DA:25,0
DA:26,0
DA:29,0
DA:31,0
DA:32,0
DA:33,0
DA:34,0
DA:39,1
DA:42,1
DA:43,0
DA:44,1
DA:45,1
DA:46,0
DA:47,0
DA:49,0
DA:54,0
DA:56,0
DA:57,0
DA:59,0
DA:60,0
DA:64,0
DA:67,0
DA:69,0
LF:34
LH:8
end_of_record
